Using pre-set license
Built from 'master' branch; Version is '2020.3.36f1 (71f96b79b9f0) revision 7469419'; Using compiler version '192528614'; Build Type 'Release'
OS: 'Windows 10  (10.0.19044) 64bit Professional' Language: 'ru' Physical Memory: 8140 MB
BatchMode: 1, IsHumanControllingUs: 0, StartBugReporterOnCrash: 0, Is64bit: 1, IsPro: 0

COMMAND LINE ARGUMENTS:
C:\Unity\2020.3.36f1\Editor\Unity.exe
-adb2
-batchMode
-noUpm
-name
AssetImportWorker0
-projectPath
C:/EvoRacing/EvoRacing
-logFile
Logs/AssetImportWorker0.log
-srvPort
51232
Successfully changed project path to: C:/EvoRacing/EvoRacing
C:/EvoRacing/EvoRacing
Using Asset Import Pipeline V2.
Refreshing native plugins compatible for Editor in 36.43 ms, found 2 plugins.
Preloading 0 native plugins for Editor in 0.00 ms.
Initialize engine version: 2020.3.36f1 (71f96b79b9f0)
[Subsystems] Discovering subsystems at path C:/Unity/2020.3.36f1/Editor/Data/Resources/UnitySubsystems
[Subsystems] Discovering subsystems at path C:/EvoRacing/EvoRacing/Assets
GfxDevice: creating device client; threaded=0
Direct3D:
    Version:  Direct3D 11.0 [level 11.1]
    Renderer: Radeon RX 560 Series (ID=0x67ef)
    Vendor:   
    VRAM:     2026 MB
    Driver:   30.0.21023.1015
Initialize mono
Mono path[0] = 'C:/Unity/2020.3.36f1/Editor/Data/Managed'
Mono path[1] = 'C:/Unity/2020.3.36f1/Editor/Data/MonoBleedingEdge/lib/mono/unityjit'
Mono config path = 'C:/Unity/2020.3.36f1/Editor/Data/MonoBleedingEdge/etc'
Using monoOptions --debugger-agent=transport=dt_socket,embedding=1,server=y,suspend=n,address=127.0.0.1:56648
Begin MonoManager ReloadAssembly
Registering precompiled unity dll's ...
Register platform support module: C:/Unity/2020.3.36f1/Editor/Data/PlaybackEngines/WindowsStandaloneSupport/UnityEditor.WindowsStandalone.Extensions.dll
Registered in 0.002877 seconds.
Native extension for WindowsStandalone target not found
Refreshing native plugins compatible for Editor in 35.79 ms, found 2 plugins.
Preloading 0 native plugins for Editor in 0.00 ms.
Mono: successfully reloaded assembly
- Completed reload, in  0.698 seconds
Domain Reload Profiling:
	ReloadAssembly (698ms)
		BeginReloadAssembly (83ms)
			ExecutionOrderSort (0ms)
			DisableScriptedObjects (0ms)
			BackupInstance (0ms)
			ReleaseScriptingObjects (0ms)
			CreateAndSetChildDomain (1ms)
		EndReloadAssembly (526ms)
			LoadAssemblies (79ms)
			RebuildTransferFunctionScriptingTraits (0ms)
			SetupTypeCache (168ms)
			ReleaseScriptCaches (0ms)
			RebuildScriptCaches (41ms)
			SetupLoadedEditorAssemblies (191ms)
				LogAssemblyErrors (0ms)
				InitializePlatformSupportModulesInManaged (5ms)
				SetLoadedEditorAssemblies (0ms)
				RefreshPlugins (36ms)
				BeforeProcessingInitializeOnLoad (20ms)
				ProcessInitializeOnLoadAttributes (96ms)
				ProcessInitializeOnLoadMethodAttributes (33ms)
				AfterProcessingInitializeOnLoad (0ms)
				EditorAssembliesLoaded (0ms)
			ExecutionOrderSort2 (0ms)
			AwakeInstancesAfterBackupRestoration (0ms)
Platform modules already initialized, skipping
Registering precompiled user dll's ...
Registered in 0.004093 seconds.
Begin MonoManager ReloadAssembly
Native extension for WindowsStandalone target not found
Refreshing native plugins compatible for Editor in 0.35 ms, found 2 plugins.
Preloading 0 native plugins for Editor in 0.00 ms.
Mono: successfully reloaded assembly
- Completed reload, in  1.191 seconds
Domain Reload Profiling:
	ReloadAssembly (1192ms)
		BeginReloadAssembly (187ms)
			ExecutionOrderSort (0ms)
			DisableScriptedObjects (7ms)
			BackupInstance (0ms)
			ReleaseScriptingObjects (0ms)
			CreateAndSetChildDomain (22ms)
		EndReloadAssembly (930ms)
			LoadAssemblies (122ms)
			RebuildTransferFunctionScriptingTraits (0ms)
			SetupTypeCache (295ms)
			ReleaseScriptCaches (0ms)
			RebuildScriptCaches (56ms)
			SetupLoadedEditorAssemblies (375ms)
				LogAssemblyErrors (0ms)
				InitializePlatformSupportModulesInManaged (6ms)
				SetLoadedEditorAssemblies (1ms)
				RefreshPlugins (0ms)
				BeforeProcessingInitializeOnLoad (100ms)
				ProcessInitializeOnLoadAttributes (241ms)
				ProcessInitializeOnLoadMethodAttributes (17ms)
				AfterProcessingInitializeOnLoad (10ms)
				EditorAssembliesLoaded (0ms)
			ExecutionOrderSort2 (0ms)
			AwakeInstancesAfterBackupRestoration (2ms)
Platform modules already initialized, skipping
========================================================================
Worker process is ready to serve import requests
Launched and connected shader compiler UnityShaderCompiler.exe after 0.07 seconds
Refreshing native plugins compatible for Editor in 0.33 ms, found 2 plugins.
Preloading 0 native plugins for Editor in 0.00 ms.
Unloading 1518 Unused Serialized files (Serialized files now loaded: 0)
System memory in use before: 69.0 MB.
System memory in use after: 69.1 MB.

Unloading 16 unused Assets to reduce memory usage. Loaded Objects now: 1954.
Total: 3.010300 ms (FindLiveObjects: 0.144800 ms CreateObjectMapping: 0.039000 ms MarkObjects: 2.753600 ms  DeleteObjects: 0.072000 ms)

AssetImportParameters requested are different than current active one (requested -> active):
  custom:framework-win-MediaFoundation: 216162199b28c13a410421893ffa2e32 -> 
  custom:video-decoder-ogg-theora: a1e56fd34408186e4bbccfd4996cb3dc -> 
  custom:container-muxer-webm: aa71ff27fc2769a1b78a27578f13a17b -> 
  custom:container-demuxer-webm: 4f35f7cbe854078d1ac9338744f61a02 -> 
  custom:container-demuxer-ogg: 62fdf1f143b41e24485cea50d1cbac27 -> 
  custom:video-encoder-webm-vp8: eb34c28f22e8b96e1ab97ce403110664 -> 
  custom:video-decoder-webm-vp8: 9c59270c3fd7afecdb556c50c9e8de78 -> 
  custom:audio-decoder-ogg-vorbis: bf7c407c2cedff20999df2af8eb42d56 -> 
  custom:audio-encoder-webm-vorbis: bf7c407c2cedff20999df2af8eb42d56 -> 
========================================================================
Received Import Request.
  path: Assets/Map/MapPrefabs/Start.prefab
  artifactKey: Guid(cdb79593e51384e4797257db6d61a434) Importer(815301076,1909f56bfc062723c751e8b465ee728b)
Start importing Assets/Map/MapPrefabs/Start.prefab using Guid(cdb79593e51384e4797257db6d61a434) Importer(815301076,1909f56bfc062723c751e8b465ee728b)  -> (artifact id: '12f0547c1414074b1127db4d0ed11f96') in 0.172372 seconds 
========================================================================
Received Import Request.
  Time since last request: 2.659726 seconds.
  path: Assets/Map/MapPrefabs/Straight.prefab
  artifactKey: Guid(374d26add04127a42b7c03954abb2d1a) Importer(815301076,1909f56bfc062723c751e8b465ee728b)
Start importing Assets/Map/MapPrefabs/Straight.prefab using Guid(374d26add04127a42b7c03954abb2d1a) Importer(815301076,1909f56bfc062723c751e8b465ee728b)  -> (artifact id: 'd634e5a6b0ce4b14b54d15b5f7828fd0') in 0.019239 seconds 
========================================================================
Received Import Request.
  Time since last request: 0.000150 seconds.
  path: Assets/Map/MapPrefabs/Straight_Long.prefab
  artifactKey: Guid(620a025233221284aa53eb3860391daf) Importer(815301076,1909f56bfc062723c751e8b465ee728b)
Start importing Assets/Map/MapPrefabs/Straight_Long.prefab using Guid(620a025233221284aa53eb3860391daf) Importer(815301076,1909f56bfc062723c751e8b465ee728b)  -> (artifact id: 'bd1657436c5cad461b1f4a67493e0365') in 0.022073 seconds 
========================================================================
Received Import Request.
  Time since last request: 226.064383 seconds.
  path: Assets/Map/MapPrefabs/Straight_Long.prefab
  artifactKey: Guid(620a025233221284aa53eb3860391daf) Importer(815301076,1909f56bfc062723c751e8b465ee728b)
Start importing Assets/Map/MapPrefabs/Straight_Long.prefab using Guid(620a025233221284aa53eb3860391daf) Importer(815301076,1909f56bfc062723c751e8b465ee728b)  -> (artifact id: '2aa68ce8f5d8787a04f37d20f2262fd8') in 0.016740 seconds 
========================================================================
Received Import Request.
  Time since last request: 2.825951 seconds.
  path: Assets/Map/MapPrefabs/Turn_60_R.prefab
  artifactKey: Guid(1e2d22fa1fcff614e8971172e89791fd) Importer(815301076,1909f56bfc062723c751e8b465ee728b)
Start importing Assets/Map/MapPrefabs/Turn_60_R.prefab using Guid(1e2d22fa1fcff614e8971172e89791fd) Importer(815301076,1909f56bfc062723c751e8b465ee728b)  -> (artifact id: '6f790522e06a498b2be13be4865772bf') in 0.018285 seconds 
========================================================================
Received Import Request.
  Time since last request: 6.412051 seconds.
  path: Assets/Map/MapPrefabs/Turn_120_R.prefab
  artifactKey: Guid(984768bc35ba1de40beaabb5d5ad8e77) Importer(815301076,1909f56bfc062723c751e8b465ee728b)
Start importing Assets/Map/MapPrefabs/Turn_120_R.prefab using Guid(984768bc35ba1de40beaabb5d5ad8e77) Importer(815301076,1909f56bfc062723c751e8b465ee728b)  -> (artifact id: 'c83faf4d851eb9836c0d142bcce56ee2') in 0.017981 seconds 
========================================================================
Received Import Request.
  Time since last request: 3.458469 seconds.
  path: Assets/Map/MapPrefabs/U-Turn.prefab
  artifactKey: Guid(02c06ba6477e22747a0680f50efb82f5) Importer(815301076,1909f56bfc062723c751e8b465ee728b)
Start importing Assets/Map/MapPrefabs/U-Turn.prefab using Guid(02c06ba6477e22747a0680f50efb82f5) Importer(815301076,1909f56bfc062723c751e8b465ee728b)  -> (artifact id: '2d1855dc38e7bf926e39ce0880f8753c') in 0.018162 seconds 
========================================================================
Received Import Request.
  Time since last request: 3.853267 seconds.
  path: Assets/Map/MapPrefabs/Zigzag_R.prefab
  artifactKey: Guid(0fcea39c737218c4ba949c6986eb143e) Importer(815301076,1909f56bfc062723c751e8b465ee728b)
Start importing Assets/Map/MapPrefabs/Zigzag_R.prefab using Guid(0fcea39c737218c4ba949c6986eb143e) Importer(815301076,1909f56bfc062723c751e8b465ee728b)  -> (artifact id: 'fcc80cea471f4aa2dda0b4a577d8f1c8') in 0.017964 seconds 
========================================================================
Received Import Request.
  Time since last request: 3.468213 seconds.
  path: Assets/Map/MapPrefabs/Zigzag_Sharp.prefab
  artifactKey: Guid(2caf0fc542884a44ba2e73ab7cb074a2) Importer(815301076,1909f56bfc062723c751e8b465ee728b)
Start importing Assets/Map/MapPrefabs/Zigzag_Sharp.prefab using Guid(2caf0fc542884a44ba2e73ab7cb074a2) Importer(815301076,1909f56bfc062723c751e8b465ee728b)  -> (artifact id: 'fa7fd90268e5371e3f9946784334779d') in 0.017811 seconds 
========================================================================
Received Import Request.
  Time since last request: 3.130755 seconds.
  path: ProjectSettings/TagManager.asset
  artifactKey: Guid(00000000000000003000000000000000) Importer(815301076,1909f56bfc062723c751e8b465ee728b)
Start importing ProjectSettings/TagManager.asset using Guid(00000000000000003000000000000000) Importer(815301076,1909f56bfc062723c751e8b465ee728b)  -> (artifact id: '69918270129e41204250ae672a56f2c7') in 0.008735 seconds 
AssetImportWorkerClient::OnTransportError - code=2 error=End of file
